<?xml version="1.0" encoding="UTF-8"?>
<testsuite name="BookTest" tests="1" skipped="0" failures="0" errors="0" timestamp="2019-12-10T22:04:40" hostname="DESKTOP-9FNDKNR" time="0.003">
  <properties/>
  <testcase name="setValidBookNameAndAuthorShouldBeSuccess" classname="BookTest" time="0.003"/>
  <system-out><![CDATA[]]></system-out>
  <system-err><![CDATA[]]></system-err>
</testsuite>
