<?xml version="1.0" encoding="UTF-8"?>
<testsuite name="BookTest" tests="4" skipped="0" failures="0" errors="0" timestamp="2019-12-10T22:19:46" hostname="DESKTOP-9FNDKNR" time="0.012">
  <properties/>
  <testcase name="setInvalidBookNameAndAuthorShouldThrowException" classname="BookTest" time="0.004"/>
  <testcase name="setValidBookNameAndAuthorShouldBeSuccess" classname="BookTest" time="0.001"/>
  <testcase name="setInvalidAuthorShouldThrowException" classname="BookTest" time="0.001"/>
  <testcase name="setInvalidBookNameShouldThrowException" classname="BookTest" time="0.0"/>
  <system-out><![CDATA[]]></system-out>
  <system-err><![CDATA[]]></system-err>
</testsuite>
