<?xml version="1.0" encoding="UTF-8"?>
<testsuite name="RaceResultServiceTest" tests="5" skipped="0" failures="0" errors="0" timestamp="2019-12-11T12:05:19" hostname="DESKTOP-9FNDKNR" time="0.058">
  <properties/>
  <testcase name="messageShouldBeSentToAllSubscribedClients" classname="RaceResultServiceTest" time="0.031"/>
  <testcase name="notSubscribedClientShouldNotReceiveMessage" classname="RaceResultServiceTest" time="0.003"/>
  <testcase name="subscribedClientShouldReceiveMessage" classname="RaceResultServiceTest" time="0.004"/>
  <testcase name="subscribedClientWithNoCategoryShouldReceiveMessage" classname="RaceResultServiceTest" time="0.002"/>
  <testcase name="messageShouldBeSentToAllSubscribedClientsWithNoCategory" classname="RaceResultServiceTest" time="0.003"/>
  <system-out><![CDATA[]]></system-out>
  <system-err><![CDATA[]]></system-err>
</testsuite>
