<?xml version="1.0" encoding="UTF-8"?>
<testsuite name="BookTest" tests="1" skipped="0" failures="0" errors="0" timestamp="2019-12-10T22:08:31" hostname="DESKTOP-9FNDKNR" time="0.002">
  <properties/>
  <testcase name="setInvalidAuthorShouldThrowException" classname="BookTest" time="0.002"/>
  <system-out><![CDATA[]]></system-out>
  <system-err><![CDATA[]]></system-err>
</testsuite>
