<?xml version="1.0" encoding="UTF-8"?>
<testsuite name="SchoolTest" tests="1" skipped="0" failures="0" errors="0" timestamp="2020-01-10T09:15:02" hostname="DESKTOP-9FNDKNR" time="0.008">
  <properties/>
  <testcase name="addExistCourseToSchoolShouldThrowException" classname="SchoolTest" time="0.008"/>
  <system-out><![CDATA[]]></system-out>
  <system-err><![CDATA[]]></system-err>
</testsuite>
