<?xml version="1.0" encoding="UTF-8"?>
<testsuite name="RaceResultServiceTest" tests="1" skipped="0" failures="0" errors="0" timestamp="2019-12-11T11:59:01" hostname="DESKTOP-9FNDKNR" time="0.733">
  <properties/>
  <testcase name="messageShouldBeSentToAllSubscribedClients" classname="RaceResultServiceTest" time="0.733"/>
  <system-out><![CDATA[]]></system-out>
  <system-err><![CDATA[]]></system-err>
</testsuite>
