<?xml version="1.0" encoding="UTF-8"?>
<testsuite name="UserServiceImplTest" tests="1" skipped="0" failures="0" errors="0" timestamp="2019-12-10T20:47:10" hostname="DESKTOP-9FNDKNR" time="0.631">
  <properties/>
  <testcase name="userShouldGetNewPassword" classname="UserServiceImplTest" time="0.631"/>
  <system-out><![CDATA[]]></system-out>
  <system-err><![CDATA[]]></system-err>
</testsuite>
