<?xml version="1.0" encoding="UTF-8"?>
<testsuite name="ChapterTest" tests="1" skipped="0" failures="0" errors="0" timestamp="2019-12-12T10:20:00" hostname="DESKTOP-9FNDKNR" time="0.004">
  <properties/>
  <testcase name="setInvalidChapterNumberShouldThrowException" classname="ChapterTest" time="0.004"/>
  <system-out><![CDATA[]]></system-out>
  <system-err><![CDATA[]]></system-err>
</testsuite>
