<?xml version="1.0" encoding="UTF-8"?>
<testsuite name="BookTest" tests="8" skipped="0" failures="0" errors="0" timestamp="2019-12-11T22:29:49" hostname="DESKTOP-9FNDKNR" time="0.035">
  <properties/>
  <testcase name="addExistChapterToBookShouldThrowException" classname="BookTest" time="0.013"/>
  <testcase name="setInvalidBookNameAndAuthorShouldThrowException" classname="BookTest" time="0.001"/>
  <testcase name="setValidBookNameAndAuthorShouldBeSuccess" classname="BookTest" time="0.001"/>
  <testcase name="setInvalidAuthorShouldThrowException" classname="BookTest" time="0.0"/>
  <testcase name="listOfChaptersShouldBeAddedSuccessfulToBook" classname="BookTest" time="0.001"/>
  <testcase name="setInvalidBookNameShouldThrowException" classname="BookTest" time="0.001"/>
  <testcase name="tableOfContentShouldBeSortedSuccessful" classname="BookTest" time="0.001"/>
  <testcase name="aNewChapterShouldBeAddedToBookSuccessful" classname="BookTest" time="0.0"/>
  <system-out><![CDATA[]]></system-out>
  <system-err><![CDATA[]]></system-err>
</testsuite>
