<?xml version="1.0" encoding="UTF-8"?>
<testsuite name="ChapterTest" tests="1" skipped="0" failures="0" errors="0" timestamp="2019-12-10T22:31:39" hostname="DESKTOP-9FNDKNR" time="0.005">
  <properties/>
  <testcase name="testEqualChaptersShouldBeSuccess" classname="ChapterTest" time="0.005"/>
  <system-out><![CDATA[]]></system-out>
  <system-err><![CDATA[]]></system-err>
</testsuite>
