<?xml version="1.0" encoding="UTF-8"?>
<testsuite name="RaceResultServiceTest" tests="1" skipped="0" failures="0" errors="0" timestamp="2019-12-11T11:54:11" hostname="DESKTOP-9FNDKNR" time="0.641">
  <properties/>
  <testcase name="subscribedClientShouldReceiveMessage" classname="RaceResultServiceTest" time="0.641"/>
  <system-out><![CDATA[]]></system-out>
  <system-err><![CDATA[]]></system-err>
</testsuite>
